<?xml version="1.0" encoding="UTF-8"?>
<testsuite xmlns:xsi="http://www.w3.org/2001/XMLSchema-instance" xsi:noNamespaceSchemaLocation="https://maven.apache.org/surefire/maven-surefire-plugin/xsd/surefire-test-report.xsd" version="3.0.2" name="com.makeupbeauty.HomeControllerTests" time="0.049" tests="7" errors="0" skipped="0" failures="0">
  <properties>
[...]
</properties>
  <testcase name="testLogin" classname="com.makeupbeauty.HomeControllerTests" time="0.04">
    <system-out><![CDATA[[Product{id=1, name='Matte Revolution Hydrating Lipstick', brand='Charlotte Tilbury', description='A matte lipstick with hydrating formula.', category='Lip', image='/uploads/1.jpg', labels=[]}, Product{id=2, name='Stay All Day Waterproof Liquid Eye Liner', brand='Stila', description='Waterproof liquid liner.', category='Eye', image='/uploads/2.jpg', labels=[]}, Product{id=3, name='Lip Butter Balm for Hydration & Shine', brand='Summer Fridays', description='A silky vegan balm that hydrates and soothes dry lips in seconds.', category='Lip', image='/uploads/3.jpg', labels=[]}, Product{id=4, name='Hydro Grip 12-Hour Hydrating Gel Skin Tint', brand='Milk Makeup', description='A clean non-comedogenic 12-hour hydrating gel skin tint with triple-powered hyaluronic acid and buildable light-to-medium coverage for a natural dewy finish.', category='Face', image='/uploads/4.jpg', labels=[Natural]}, Product{id=5, name='Lustreglass Sheer-Shine Lipstick', brand='MAC', description='A lightweight raspberry seed- and organic extra-virgin olive oil-infused lipstick that delivers sheer and shiny colour with a long-wearing lustrous finish.', category='Lip', image='/uploads/1741231356446_lipstick.png', labels=[]}, Product{id=6, name='Dew Blush Liquid Cream Blush', brand='Saie', description='A blendable and buildable dewy, liquid cream blush that melts into cheeks for a wash of color.', category='Cheeks', image='/uploads/1743092780132_s2742989-main-zoom.png', labels=[Eco-Friendly]}, Product{id=7, name='Vitamin C Rose Brightening and Firming Face Oil + Squalane', brand='Biossance', description='A powerful, lightweight face oil with vitamin C that visibly brightens, firms, and hydrates to reveal your most radiant-looking skin.', category='Face', image='/uploads/1743092904795_s2382166-main-zoom.png', labels=[Eco-Friendly, Cruelty-Free]}, Product{id=9, name='AdminProduct', brand='Brand', description='Desc', category='Category', image='/uploads/1743125594141_test.jpg', labels=[]}, Product{id=10, name='Name', brand='Brand', description='Description', category='Category', image='/uploads/1743125594144_test.jpg', labels=[]}, Product{id=11, name='AdminProduct', brand='Brand', description='Desc', category='Category', image='/uploads/1743125603194_test.jpg', labels=[]}, Product{id=12, name='Name', brand='Brand', description='Description', category='Category', image='/uploads/1743125603199_test.jpg', labels=[]}]
]]></system-out>
  </testcase>
  <testcase name="testAddFavourite" classname="com.makeupbeauty.HomeControllerTests" time="0.001">
    <system-out><![CDATA[[Product{id=1, name='Matte Revolution Hydrating Lipstick', brand='Charlotte Tilbury', description='A matte lipstick with hydrating formula.', category='Lip', image='/uploads/1.jpg', labels=[]}, Product{id=2, name='Stay All Day Waterproof Liquid Eye Liner', brand='Stila', description='Waterproof liquid liner.', category='Eye', image='/uploads/2.jpg', labels=[]}, Product{id=3, name='Lip Butter Balm for Hydration & Shine', brand='Summer Fridays', description='A silky vegan balm that hydrates and soothes dry lips in seconds.', category='Lip', image='/uploads/3.jpg', labels=[]}, Product{id=4, name='Hydro Grip 12-Hour Hydrating Gel Skin Tint', brand='Milk Makeup', description='A clean non-comedogenic 12-hour hydrating gel skin tint with triple-powered hyaluronic acid and buildable light-to-medium coverage for a natural dewy finish.', category='Face', image='/uploads/4.jpg', labels=[Natural]}, Product{id=5, name='Lustreglass Sheer-Shine Lipstick', brand='MAC', description='A lightweight raspberry seed- and organic extra-virgin olive oil-infused lipstick that delivers sheer and shiny colour with a long-wearing lustrous finish.', category='Lip', image='/uploads/1741231356446_lipstick.png', labels=[]}, Product{id=6, name='Dew Blush Liquid Cream Blush', brand='Saie', description='A blendable and buildable dewy, liquid cream blush that melts into cheeks for a wash of color.', category='Cheeks', image='/uploads/1743092780132_s2742989-main-zoom.png', labels=[Eco-Friendly]}, Product{id=7, name='Vitamin C Rose Brightening and Firming Face Oil + Squalane', brand='Biossance', description='A powerful, lightweight face oil with vitamin C that visibly brightens, firms, and hydrates to reveal your most radiant-looking skin.', category='Face', image='/uploads/1743092904795_s2382166-main-zoom.png', labels=[Eco-Friendly, Cruelty-Free]}, Product{id=9, name='AdminProduct', brand='Brand', description='Desc', category='Category', image='/uploads/1743125594141_test.jpg', labels=[]}, Product{id=10, name='Name', brand='Brand', description='Description', category='Category', image='/uploads/1743125594144_test.jpg', labels=[]}, Product{id=11, name='AdminProduct', brand='Brand', description='Desc', category='Category', image='/uploads/1743125603194_test.jpg', labels=[]}, Product{id=12, name='Name', brand='Brand', description='Description', category='Category', image='/uploads/1743125603199_test.jpg', labels=[]}]
]]></system-out>
  </testcase>
  <testcase name="testFindProduct" classname="com.makeupbeauty.HomeControllerTests" time="0.001">
    <system-out><![CDATA[[Product{id=1, name='Matte Revolution Hydrating Lipstick', brand='Charlotte Tilbury', description='A matte lipstick with hydrating formula.', category='Lip', image='/uploads/1.jpg', labels=[]}, Product{id=2, name='Stay All Day Waterproof Liquid Eye Liner', brand='Stila', description='Waterproof liquid liner.', category='Eye', image='/uploads/2.jpg', labels=[]}, Product{id=3, name='Lip Butter Balm for Hydration & Shine', brand='Summer Fridays', description='A silky vegan balm that hydrates and soothes dry lips in seconds.', category='Lip', image='/uploads/3.jpg', labels=[]}, Product{id=4, name='Hydro Grip 12-Hour Hydrating Gel Skin Tint', brand='Milk Makeup', description='A clean non-comedogenic 12-hour hydrating gel skin tint with triple-powered hyaluronic acid and buildable light-to-medium coverage for a natural dewy finish.', category='Face', image='/uploads/4.jpg', labels=[Natural]}, Product{id=5, name='Lustreglass Sheer-Shine Lipstick', brand='MAC', description='A lightweight raspberry seed- and organic extra-virgin olive oil-infused lipstick that delivers sheer and shiny colour with a long-wearing lustrous finish.', category='Lip', image='/uploads/1741231356446_lipstick.png', labels=[]}, Product{id=6, name='Dew Blush Liquid Cream Blush', brand='Saie', description='A blendable and buildable dewy, liquid cream blush that melts into cheeks for a wash of color.', category='Cheeks', image='/uploads/1743092780132_s2742989-main-zoom.png', labels=[Eco-Friendly]}, Product{id=7, name='Vitamin C Rose Brightening and Firming Face Oil + Squalane', brand='Biossance', description='A powerful, lightweight face oil with vitamin C that visibly brightens, firms, and hydrates to reveal your most radiant-looking skin.', category='Face', image='/uploads/1743092904795_s2382166-main-zoom.png', labels=[Eco-Friendly, Cruelty-Free]}, Product{id=9, name='AdminProduct', brand='Brand', description='Desc', category='Category', image='/uploads/1743125594141_test.jpg', labels=[]}, Product{id=10, name='Name', brand='Brand', description='Description', category='Category', image='/uploads/1743125594144_test.jpg', labels=[]}, Product{id=11, name='AdminProduct', brand='Brand', description='Desc', category='Category', image='/uploads/1743125603194_test.jpg', labels=[]}, Product{id=12, name='Name', brand='Brand', description='Description', category='Category', image='/uploads/1743125603199_test.jpg', labels=[]}]
]]></system-out>
  </testcase>
  <testcase name="testAdminFlow" classname="com.makeupbeauty.HomeControllerTests" time="0.003">
    <system-out><![CDATA[[Product{id=1, name='Matte Revolution Hydrating Lipstick', brand='Charlotte Tilbury', description='A matte lipstick with hydrating formula.', category='Lip', image='/uploads/1.jpg', labels=[]}, Product{id=2, name='Stay All Day Waterproof Liquid Eye Liner', brand='Stila', description='Waterproof liquid liner.', category='Eye', image='/uploads/2.jpg', labels=[]}, Product{id=3, name='Lip Butter Balm for Hydration & Shine', brand='Summer Fridays', description='A silky vegan balm that hydrates and soothes dry lips in seconds.', category='Lip', image='/uploads/3.jpg', labels=[]}, Product{id=4, name='Hydro Grip 12-Hour Hydrating Gel Skin Tint', brand='Milk Makeup', description='A clean non-comedogenic 12-hour hydrating gel skin tint with triple-powered hyaluronic acid and buildable light-to-medium coverage for a natural dewy finish.', category='Face', image='/uploads/4.jpg', labels=[Natural]}, Product{id=5, name='Lustreglass Sheer-Shine Lipstick', brand='MAC', description='A lightweight raspberry seed- and organic extra-virgin olive oil-infused lipstick that delivers sheer and shiny colour with a long-wearing lustrous finish.', category='Lip', image='/uploads/1741231356446_lipstick.png', labels=[]}, Product{id=6, name='Dew Blush Liquid Cream Blush', brand='Saie', description='A blendable and buildable dewy, liquid cream blush that melts into cheeks for a wash of color.', category='Cheeks', image='/uploads/1743092780132_s2742989-main-zoom.png', labels=[Eco-Friendly]}, Product{id=7, name='Vitamin C Rose Brightening and Firming Face Oil + Squalane', brand='Biossance', description='A powerful, lightweight face oil with vitamin C that visibly brightens, firms, and hydrates to reveal your most radiant-looking skin.', category='Face', image='/uploads/1743092904795_s2382166-main-zoom.png', labels=[Eco-Friendly, Cruelty-Free]}, Product{id=9, name='AdminProduct', brand='Brand', description='Desc', category='Category', image='/uploads/1743125594141_test.jpg', labels=[]}, Product{id=10, name='Name', brand='Brand', description='Description', category='Category', image='/uploads/1743125594144_test.jpg', labels=[]}, Product{id=11, name='AdminProduct', brand='Brand', description='Desc', category='Category', image='/uploads/1743125603194_test.jpg', labels=[]}, Product{id=12, name='Name', brand='Brand', description='Description', category='Category', image='/uploads/1743125603199_test.jpg', labels=[]}]
[Natural, Eco-Friendly, Cruelty-Free]
]]></system-out>
  </testcase>
  <testcase name="testAddProduct" classname="com.makeupbeauty.HomeControllerTests" time="0.001">
    <system-out><![CDATA[[Product{id=1, name='Matte Revolution Hydrating Lipstick', brand='Charlotte Tilbury', description='A matte lipstick with hydrating formula.', category='Lip', image='/uploads/1.jpg', labels=[]}, Product{id=2, name='Stay All Day Waterproof Liquid Eye Liner', brand='Stila', description='Waterproof liquid liner.', category='Eye', image='/uploads/2.jpg', labels=[]}, Product{id=3, name='Lip Butter Balm for Hydration & Shine', brand='Summer Fridays', description='A silky vegan balm that hydrates and soothes dry lips in seconds.', category='Lip', image='/uploads/3.jpg', labels=[]}, Product{id=4, name='Hydro Grip 12-Hour Hydrating Gel Skin Tint', brand='Milk Makeup', description='A clean non-comedogenic 12-hour hydrating gel skin tint with triple-powered hyaluronic acid and buildable light-to-medium coverage for a natural dewy finish.', category='Face', image='/uploads/4.jpg', labels=[Natural]}, Product{id=5, name='Lustreglass Sheer-Shine Lipstick', brand='MAC', description='A lightweight raspberry seed- and organic extra-virgin olive oil-infused lipstick that delivers sheer and shiny colour with a long-wearing lustrous finish.', category='Lip', image='/uploads/1741231356446_lipstick.png', labels=[]}, Product{id=6, name='Dew Blush Liquid Cream Blush', brand='Saie', description='A blendable and buildable dewy, liquid cream blush that melts into cheeks for a wash of color.', category='Cheeks', image='/uploads/1743092780132_s2742989-main-zoom.png', labels=[Eco-Friendly]}, Product{id=7, name='Vitamin C Rose Brightening and Firming Face Oil + Squalane', brand='Biossance', description='A powerful, lightweight face oil with vitamin C that visibly brightens, firms, and hydrates to reveal your most radiant-looking skin.', category='Face', image='/uploads/1743092904795_s2382166-main-zoom.png', labels=[Eco-Friendly, Cruelty-Free]}, Product{id=9, name='AdminProduct', brand='Brand', description='Desc', category='Category', image='/uploads/1743125594141_test.jpg', labels=[]}, Product{id=10, name='Name', brand='Brand', description='Description', category='Category', image='/uploads/1743125594144_test.jpg', labels=[]}, Product{id=11, name='AdminProduct', brand='Brand', description='Desc', category='Category', image='/uploads/1743125603194_test.jpg', labels=[]}, Product{id=12, name='Name', brand='Brand', description='Description', category='Category', image='/uploads/1743125603199_test.jpg', labels=[]}, Product{id=13, name='AdminProduct', brand='Brand', description='Desc', category='Category', image='/uploads/1743125632291_test.jpg', labels=[]}]
]]></system-out>
  </testcase>
  <testcase name="testCheckUser" classname="com.makeupbeauty.HomeControllerTests" time="0.001">
    <system-out><![CDATA[[Product{id=1, name='Matte Revolution Hydrating Lipstick', brand='Charlotte Tilbury', description='A matte lipstick with hydrating formula.', category='Lip', image='/uploads/1.jpg', labels=[]}, Product{id=2, name='Stay All Day Waterproof Liquid Eye Liner', brand='Stila', description='Waterproof liquid liner.', category='Eye', image='/uploads/2.jpg', labels=[]}, Product{id=3, name='Lip Butter Balm for Hydration & Shine', brand='Summer Fridays', description='A silky vegan balm that hydrates and soothes dry lips in seconds.', category='Lip', image='/uploads/3.jpg', labels=[]}, Product{id=4, name='Hydro Grip 12-Hour Hydrating Gel Skin Tint', brand='Milk Makeup', description='A clean non-comedogenic 12-hour hydrating gel skin tint with triple-powered hyaluronic acid and buildable light-to-medium coverage for a natural dewy finish.', category='Face', image='/uploads/4.jpg', labels=[Natural]}, Product{id=5, name='Lustreglass Sheer-Shine Lipstick', brand='MAC', description='A lightweight raspberry seed- and organic extra-virgin olive oil-infused lipstick that delivers sheer and shiny colour with a long-wearing lustrous finish.', category='Lip', image='/uploads/1741231356446_lipstick.png', labels=[]}, Product{id=6, name='Dew Blush Liquid Cream Blush', brand='Saie', description='A blendable and buildable dewy, liquid cream blush that melts into cheeks for a wash of color.', category='Cheeks', image='/uploads/1743092780132_s2742989-main-zoom.png', labels=[Eco-Friendly]}, Product{id=7, name='Vitamin C Rose Brightening and Firming Face Oil + Squalane', brand='Biossance', description='A powerful, lightweight face oil with vitamin C that visibly brightens, firms, and hydrates to reveal your most radiant-looking skin.', category='Face', image='/uploads/1743092904795_s2382166-main-zoom.png', labels=[Eco-Friendly, Cruelty-Free]}, Product{id=9, name='AdminProduct', brand='Brand', description='Desc', category='Category', image='/uploads/1743125594141_test.jpg', labels=[]}, Product{id=10, name='Name', brand='Brand', description='Description', category='Category', image='/uploads/1743125594144_test.jpg', labels=[]}, Product{id=11, name='AdminProduct', brand='Brand', description='Desc', category='Category', image='/uploads/1743125603194_test.jpg', labels=[]}, Product{id=12, name='Name', brand='Brand', description='Description', category='Category', image='/uploads/1743125603199_test.jpg', labels=[]}, Product{id=13, name='AdminProduct', brand='Brand', description='Desc', category='Category', image='/uploads/1743125632291_test.jpg', labels=[]}, Product{id=14, name='Name', brand='Brand', description='Description', category='Category', image='/uploads/1743125632293_test.jpg', labels=[]}]
]]></system-out>
  </testcase>
  <testcase name="testWebsiteFlow" classname="com.makeupbeauty.HomeControllerTests" time="0.001">
    <system-out><![CDATA[[Product{id=1, name='Matte Revolution Hydrating Lipstick', brand='Charlotte Tilbury', description='A matte lipstick with hydrating formula.', category='Lip', image='/uploads/1.jpg', labels=[]}, Product{id=2, name='Stay All Day Waterproof Liquid Eye Liner', brand='Stila', description='Waterproof liquid liner.', category='Eye', image='/uploads/2.jpg', labels=[]}, Product{id=3, name='Lip Butter Balm for Hydration & Shine', brand='Summer Fridays', description='A silky vegan balm that hydrates and soothes dry lips in seconds.', category='Lip', image='/uploads/3.jpg', labels=[]}, Product{id=4, name='Hydro Grip 12-Hour Hydrating Gel Skin Tint', brand='Milk Makeup', description='A clean non-comedogenic 12-hour hydrating gel skin tint with triple-powered hyaluronic acid and buildable light-to-medium coverage for a natural dewy finish.', category='Face', image='/uploads/4.jpg', labels=[Natural]}, Product{id=5, name='Lustreglass Sheer-Shine Lipstick', brand='MAC', description='A lightweight raspberry seed- and organic extra-virgin olive oil-infused lipstick that delivers sheer and shiny colour with a long-wearing lustrous finish.', category='Lip', image='/uploads/1741231356446_lipstick.png', labels=[]}, Product{id=6, name='Dew Blush Liquid Cream Blush', brand='Saie', description='A blendable and buildable dewy, liquid cream blush that melts into cheeks for a wash of color.', category='Cheeks', image='/uploads/1743092780132_s2742989-main-zoom.png', labels=[Eco-Friendly]}, Product{id=7, name='Vitamin C Rose Brightening and Firming Face Oil + Squalane', brand='Biossance', description='A powerful, lightweight face oil with vitamin C that visibly brightens, firms, and hydrates to reveal your most radiant-looking skin.', category='Face', image='/uploads/1743092904795_s2382166-main-zoom.png', labels=[Eco-Friendly, Cruelty-Free]}, Product{id=9, name='AdminProduct', brand='Brand', description='Desc', category='Category', image='/uploads/1743125594141_test.jpg', labels=[]}, Product{id=10, name='Name', brand='Brand', description='Description', category='Category', image='/uploads/1743125594144_test.jpg', labels=[]}, Product{id=11, name='AdminProduct', brand='Brand', description='Desc', category='Category', image='/uploads/1743125603194_test.jpg', labels=[]}, Product{id=12, name='Name', brand='Brand', description='Description', category='Category', image='/uploads/1743125603199_test.jpg', labels=[]}, Product{id=13, name='AdminProduct', brand='Brand', description='Desc', category='Category', image='/uploads/1743125632291_test.jpg', labels=[]}, Product{id=14, name='Name', brand='Brand', description='Description', category='Category', image='/uploads/1743125632293_test.jpg', labels=[]}]
Product Labels: []
]]></system-out>
  </testcase>
</testsuite>